[    0.000000] Initializing cgroup subsys cpuset
[    0.000000] Initializing cgroup subsys cpu
[    0.000000] Initializing cgroup subsys cpuacct
[    0.000000] Linux version 4.4.0-186-generic (buildd@lcy01-amd64-002) (gcc version 5.4.0 20160609 (Ubuntu 5.4.0-6ubuntu1~16.04.12) ) #216-Ubuntu SMP Wed Jul 1 05:34:05 UTC 2020 (Ubuntu 4.4.0-186.216-generic 4.4.228)
[    0.000000] Command line: BOOT_IMAGE=/boot/vmlinuz-4.4.0-186-generic root=LABEL=cloudimg-rootfs ro console=tty1 console=ttyS0
[    0.000000] KERNEL supported cpus:
[    0.000000]   Intel GenuineIntel
[    0.000000]   AMD AuthenticAMD
[    0.000000]   Centaur CentaurHauls
[    0.000000] x86/fpu: xstate_offset[2]:  576, xstate_sizes[2]:  256
[    0.000000] x86/fpu: Supporting XSAVE feature 0x01: 'x87 floating point registers'
[    0.000000] x86/fpu: Supporting XSAVE feature 0x02: 'SSE registers'
[    0.000000] x86/fpu: Supporting XSAVE feature 0x04: 'AVX registers'
[    0.000000] x86/fpu: Enabled xstate features 0x7, context size is 832 bytes, using 'standard' format.
[    0.000000] e820: BIOS-provided physical RAM map:
[    0.000000] BIOS-e820: [mem 0x0000000000000000-0x000000000009fbff] usable
[    0.000000] BIOS-e820: [mem 0x000000000009fc00-0x000000000009ffff] reserved
[    0.000000] BIOS-e820: [mem 0x00000000000f0000-0x00000000000fffff] reserved
[    0.000000] BIOS-e820: [mem 0x0000000000100000-0x000000007ffeffff] usable
[    0.000000] BIOS-e820: [mem 0x000000007fff0000-0x000000007fffffff] ACPI data
[    0.000000] BIOS-e820: [mem 0x00000000fec00000-0x00000000fec00fff] reserved
[    0.000000] BIOS-e820: [mem 0x00000000fee00000-0x00000000fee00fff] reserved
[    0.000000] BIOS-e820: [mem 0x00000000fffc0000-0x00000000ffffffff] reserved
[    0.000000] NX (Execute Disable) protection: active
[    0.000000] SMBIOS 2.5 present.
[    0.000000] Hypervisor detected: KVM
[    0.000000] e820: last_pfn = 0x7fff0 max_arch_pfn = 0x400000000
[    0.000000] MTRR: Disabled
[    0.000000] x86/PAT: MTRRs disabled, skipping PAT initialization too.
[    0.000000] CPU MTRRs all blank - virtualized system.
[    0.000000] x86/PAT: Configuration [0-7]: WB  WT  UC- UC  WB  WT  UC- UC  
[    0.000000] found SMP MP-table at [mem 0x0009fff0-0x0009ffff] mapped at [ffff88000009fff0]
[    0.000000] Scanning 1 areas for low memory corruption
[    0.000000] RAMDISK: [mem 0x362de000-0x37166fff]
[    0.000000] ACPI: Early table checksum verification disabled
[    0.000000] ACPI: RSDP 0x00000000000E0000 000024 (v02 VBOX  )
[    0.000000] ACPI: XSDT 0x000000007FFF0030 00003C (v01 VBOX   VBOXXSDT 00000001 ASL  00000061)
[    0.000000] ACPI: FACP 0x000000007FFF00F0 0000F4 (v04 VBOX   VBOXFACP 00000001 ASL  00000061)
[    0.000000] ACPI: DSDT 0x000000007FFF0470 0022EA (v02 VBOX   VBOXBIOS 00000002 INTL 20160831)
[    0.000000] ACPI: FACS 0x000000007FFF0200 000040
[    0.000000] ACPI: FACS 0x000000007FFF0200 000040
[    0.000000] ACPI: APIC 0x000000007FFF0240 00005C (v02 VBOX   VBOXAPIC 00000001 ASL  00000061)
[    0.000000] ACPI: SSDT 0x000000007FFF02A0 0001CC (v01 VBOX   VBOXCPUT 00000002 INTL 20160831)
[    0.000000] No NUMA configuration found
[    0.000000] Faking a node at [mem 0x0000000000000000-0x000000007ffeffff]
[    0.000000] NODE_DATA(0) allocated [mem 0x7ffeb000-0x7ffeffff]
[    0.000000] kvm-clock: Using msrs 4b564d01 and 4b564d00
[    0.000000] kvm-clock: cpu 0, msr 0:7ffe3001, primary cpu clock
[    0.000000] kvm-clock: using sched offset of 3166984872 cycles
[    0.000000] clocksource: kvm-clock: mask: 0xffffffffffffffff max_cycles: 0x1cd42e4dffb, max_idle_ns: 881590591483 ns
[    0.000000] Zone ranges:
[    0.000000]   DMA      [mem 0x0000000000001000-0x0000000000ffffff]
[    0.000000]   DMA32    [mem 0x0000000001000000-0x000000007ffeffff]
[    0.000000]   Normal   empty
[    0.000000]   Device   empty
[    0.000000] Movable zone start for each node
[    0.000000] Early memory node ranges
[    0.000000]   node   0: [mem 0x0000000000001000-0x000000000009efff]
[    0.000000]   node   0: [mem 0x0000000000100000-0x000000007ffeffff]
[    0.000000] Initmem setup node 0 [mem 0x0000000000001000-0x000000007ffeffff]
[    0.000000] ACPI: PM-Timer IO Port: 0x4008
[    0.000000] IOAPIC[0]: apic_id 2, version 32, address 0xfec00000, GSI 0-23
[    0.000000] ACPI: INT_SRC_OVR (bus 0 bus_irq 0 global_irq 2 dfl dfl)
[    0.000000] ACPI: INT_SRC_OVR (bus 0 bus_irq 9 global_irq 9 low level)
[    0.000000] Using ACPI (MADT) for SMP configuration information
[    0.000000] smpboot: Allowing 2 CPUs, 0 hotplug CPUs
[    0.000000] PM: Registered nosave memory: [mem 0x00000000-0x00000fff]
[    0.000000] PM: Registered nosave memory: [mem 0x0009f000-0x0009ffff]
[    0.000000] PM: Registered nosave memory: [mem 0x000a0000-0x000effff]
[    0.000000] PM: Registered nosave memory: [mem 0x000f0000-0x000fffff]
[    0.000000] e820: [mem 0x80000000-0xfebfffff] available for PCI devices
[    0.000000] Booting paravirtualized kernel on KVM
[    0.000000] clocksource: refined-jiffies: mask: 0xffffffff max_cycles: 0xffffffff, max_idle_ns: 7645519600211568 ns
[    0.000000] setup_percpu: NR_CPUS:512 nr_cpumask_bits:512 nr_cpu_ids:2 nr_node_ids:1
[    0.000000] PERCPU: Embedded 33 pages/cpu @ffff88007fc00000 s95512 r8192 d31464 u1048576
[    0.000000] Built 1 zonelists in Node order, mobility grouping on.  Total pages: 515960
[    0.000000] Policy zone: DMA32
[    0.000000] Kernel command line: BOOT_IMAGE=/boot/vmlinuz-4.4.0-186-generic root=LABEL=cloudimg-rootfs ro console=tty1 console=ttyS0
[    0.000000] PID hash table entries: 4096 (order: 3, 32768 bytes)
[    0.000000] Memory: 2029852K/2096696K available (8636K kernel code, 1337K rwdata, 4040K rodata, 1492K init, 1296K bss, 66844K reserved, 0K cma-reserved)
[    0.000000] SLUB: HWalign=64, Order=0-3, MinObjects=0, CPUs=2, Nodes=1
[    0.000000] Kernel/User page tables isolation: enabled
[    0.000000] Hierarchical RCU implementation.
[    0.000000] 	Build-time adjustment of leaf fanout to 64.
[    0.000000] 	RCU restricting CPUs from NR_CPUS=512 to nr_cpu_ids=2.
[    0.000000] RCU: Adjusting geometry for rcu_fanout_leaf=64, nr_cpu_ids=2
[    0.000000] NR_IRQS:33024 nr_irqs:440 16
[    0.000000] Console: colour VGA+ 80x25
[    0.000000] console [tty1] enabled
[    0.000000] console [ttyS0] enabled
[    0.000000] tsc: Detected 2712.000 MHz processor
[    0.127804] Calibrating delay loop (skipped) preset value.. 5424.00 BogoMIPS (lpj=10848000)
[    0.129676] pid_max: default: 32768 minimum: 301
[    0.130610] ACPI: Core revision 20150930
[    0.132683] ACPI: 2 ACPI AML tables successfully acquired and loaded
[    0.134133] Security Framework initialized
[    0.135073] Yama: becoming mindful.
[    0.136995] AppArmor: AppArmor initialized
[    0.139540] Dentry cache hash table entries: 262144 (order: 9, 2097152 bytes)
[    0.140968] Inode-cache hash table entries: 131072 (order: 8, 1048576 bytes)
[    0.142650] Mount-cache hash table entries: 4096 (order: 3, 32768 bytes)
[    0.143879] Mountpoint-cache hash table entries: 4096 (order: 3, 32768 bytes)
[    0.145295] Initializing cgroup subsys io
[    0.146094] Initializing cgroup subsys memory
[    0.146808] Initializing cgroup subsys devices
[    0.147820] Initializing cgroup subsys freezer
[    0.148757] Initializing cgroup subsys net_cls
[    0.149652] Initializing cgroup subsys perf_event
[    0.150668] Initializing cgroup subsys net_prio
[    0.151612] Initializing cgroup subsys hugetlb
[    0.152579] Initializing cgroup subsys pids
[    0.154719] mce: CPU supports 0 MCE banks
[    0.155704] Last level iTLB entries: 4KB 64, 2MB 8, 4MB 8
[    0.156791] Last level dTLB entries: 4KB 64, 2MB 0, 4MB 0, 1GB 4
[    0.158037] Spectre V1 : Mitigation: usercopy/swapgs barriers and __user pointer sanitization
[    0.159877] Spectre V2 : Mitigation: Full generic retpoline
[    0.160718] Spectre V2 : Spectre v2 / SpectreRSB mitigation: Filling RSB on context switch
[    0.162039] Speculative Store Bypass: Vulnerable
[    0.162950] SRBDS: Unknown: Dependent on hypervisor status
[    0.164208] MDS: Vulnerable: Clear CPU buffers attempted, no microcode
[    0.168338] Freeing SMP alternatives memory: 36K
[    0.175730] ftrace: allocating 32334 entries in 127 pages
[    0.232640] smpboot: APIC(0) Converting physical 0 to logical package 0
[    0.233763] smpboot: Max logical packages: 1
[    0.234788] x2apic enabled
[    0.235586] Switched APIC routing to physical x2apic.
[    0.237491] ..TIMER: vector=0x30 apic1=0 pin1=2 apic2=-1 pin2=-1
[    0.346610] smpboot: CPU0: Intel(R) Core(TM) i5-7200U CPU @ 2.50GHz (family: 0x6, model: 0x8e, stepping: 0x9)
[    0.348513] Performance Events: unsupported p6 CPU model 142 no PMU driver, software events only.
[    0.360676] KVM setup paravirtual spinlock
[    0.362514] x86: Booting SMP configuration:
[    0.363358] .... node  #0, CPUs:      #1
[    0.364198] kvm-clock: cpu 1, msr 0:7ffe3041, secondary cpu clock
[    0.365953] mce: CPU supports 0 MCE banks
[    0.368368] x86: Booted up 1 node, 2 CPUs
[    0.369299] smpboot: Total of 2 processors activated (10848.00 BogoMIPS)
[    0.370780] devtmpfs: initialized
[    0.372932] evm: security.selinux
[    0.373599] evm: security.SMACK64
[    0.374274] evm: security.SMACK64EXEC
[    0.374984] evm: security.SMACK64TRANSMUTE
[    0.375744] evm: security.SMACK64MMAP
[    0.376456] evm: security.ima
[    0.377072] evm: security.capability
[    0.377961] clocksource: jiffies: mask: 0xffffffff max_cycles: 0xffffffff, max_idle_ns: 7645041785100000 ns
[    0.379693] futex hash table entries: 512 (order: 3, 32768 bytes)
[    0.380838] pinctrl core: initialized pinctrl subsystem
[    0.381847] RTC time:  5:04:34, date: 07/26/20
[    0.382827] NET: Registered protocol family 16
[    0.394254] cpuidle: using governor ladder
[    0.406276] cpuidle: using governor menu
[    0.407083] PCCT header not found.
[    0.407832] ACPI: bus type PCI registered
[    0.408509] acpiphp: ACPI Hot Plug PCI Controller Driver version: 0.5
[    0.409608] PCI: Using configuration type 1 for base access
[    0.422432] ACPI: Added _OSI(Module Device)
[    0.423180] ACPI: Added _OSI(Processor Device)
[    0.423942] ACPI: Added _OSI(3.0 _SCP Extensions)
[    0.424707] ACPI: Added _OSI(Processor Aggregator Device)
[    0.426183] ACPI: Executed 1 blocks of module-level executable AML code
[    0.429039] ACPI: Interpreter enabled
[    0.429694] ACPI: (supports S0 S5)
[    0.430326] ACPI: Using IOAPIC for interrupt routing
[    0.431260] PCI: Using host bridge windows from ACPI; if necessary, use "pci=nocrs" and report a bug
[    0.435716] ACPI: PCI Root Bridge [PCI0] (domain 0000 [bus 00-ff])
[    0.436720] acpi PNP0A03:00: _OSC: OS supports [ASPM ClockPM Segments MSI]
[    0.438036] acpi PNP0A03:00: _OSC: not requesting OS control; OS requires [ExtendedConfig ASPM ClockPM MSI]
[    0.439554] acpi PNP0A03:00: fail to add MMCONFIG information, can't access extended PCI configuration space under this bridge.
[    0.441479] PCI host bridge to bus 0000:00
[    0.442187] pci_bus 0000:00: root bus resource [io  0x0000-0x0cf7 window]
[    0.443198] pci_bus 0000:00: root bus resource [io  0x0d00-0xffff window]
[    0.444217] pci_bus 0000:00: root bus resource [mem 0x000a0000-0x000bffff window]
[    0.445468] pci_bus 0000:00: root bus resource [mem 0x80000000-0xfdffffff window]
[    0.446733] pci_bus 0000:00: root bus resource [bus 00-ff]
[    0.449002] pci 0000:00:01.1: legacy IDE quirk: reg 0x10: [io  0x01f0-0x01f7]
[    0.450060] pci 0000:00:01.1: legacy IDE quirk: reg 0x14: [io  0x03f6]
[    0.451039] pci 0000:00:01.1: legacy IDE quirk: reg 0x18: [io  0x0170-0x0177]
[    0.460793] pci 0000:00:01.1: legacy IDE quirk: reg 0x1c: [io  0x0376]
[    0.484842] pci 0000:00:07.0: quirk: [io  0x4000-0x403f] claimed by PIIX4 ACPI
[    0.487169] pci 0000:00:07.0: quirk: [io  0x4100-0x410f] claimed by PIIX4 SMB
[    0.501413] ACPI: PCI Interrupt Link [LNKA] (IRQs 5 9 10 *11)
[    0.502894] ACPI: PCI Interrupt Link [LNKB] (IRQs 5 9 *10 11)
[    0.504197] ACPI: PCI Interrupt Link [LNKC] (IRQs 5 *9 10 11)
[    0.505505] ACPI: PCI Interrupt Link [LNKD] (IRQs 5 9 10 *11)
[    0.506836] ACPI: Enabled 2 GPEs in block 00 to 07
[    0.507969] vgaarb: setting as boot device: PCI:0000:00:02.0
[    0.508921] vgaarb: device added: PCI:0000:00:02.0,decodes=io+mem,owns=io+mem,locks=none
[    0.510267] vgaarb: loaded
[    0.510799] vgaarb: bridge control possible 0000:00:02.0
[    0.511861] SCSI subsystem initialized
[    0.512644] ACPI: bus type USB registered
[    0.513342] usbcore: registered new interface driver usbfs
[    0.514208] usbcore: registered new interface driver hub
[    0.515054] usbcore: registered new device driver usb
[    0.516065] PCI: Using ACPI for IRQ routing
[    0.517030] NetLabel: Initializing
[    0.517641] NetLabel:  domain hash size = 128
[    0.518378] NetLabel:  protocols = UNLABELED CIPSOv4
[    0.519183] NetLabel:  unlabeled traffic allowed by default
[    0.520150] amd_nb: Cannot enumerate AMD northbridges
[    0.521009] clocksource: Switched to clocksource kvm-clock
[    0.527549] AppArmor: AppArmor Filesystem Enabled
[    0.528419] pnp: PnP ACPI init
[    0.529644] pnp: PnP ACPI: found 3 devices
[    0.538801] clocksource: acpi_pm: mask: 0xffffff max_cycles: 0xffffff, max_idle_ns: 2085701024 ns
[    0.540274] NET: Registered protocol family 2
[    0.541161] TCP established hash table entries: 16384 (order: 5, 131072 bytes)
[    0.542404] TCP bind hash table entries: 16384 (order: 6, 262144 bytes)
[    0.543406] TCP: Hash tables configured (established 16384 bind 16384)
[    0.544407] UDP hash table entries: 1024 (order: 3, 32768 bytes)
[    0.545349] UDP-Lite hash table entries: 1024 (order: 3, 32768 bytes)
[    0.546347] NET: Registered protocol family 1
[    0.547095] pci 0000:00:00.0: Limiting direct PCI/PCI transfers
[    0.548028] pci 0000:00:01.0: Activating ISA DMA hang workarounds
[    0.549093] Unpacking initramfs...
[    0.742370] Freeing initrd memory: 14884K
[    0.743342] clocksource: tsc: mask: 0xffffffffffffffff max_cycles: 0x2717868ea45, max_idle_ns: 440795316085 ns
[    0.745150] platform rtc_cmos: registered platform RTC device (no PNP device found)
[    0.746648] Scanning for low memory corruption every 60 seconds
[    0.748010] audit: initializing netlink subsys (disabled)
[    0.748987] audit: type=2000 audit(1595739879.162:1): initialized
[    0.750335] Initialise system trusted keyring
[    0.751371] HugeTLB registered 2 MB page size, pre-allocated 0 pages
[    0.753649] zbud: loaded
[    0.754595] VFS: Disk quotas dquot_6.6.0
[    0.755393] VFS: Dquot-cache hash table entries: 512 (order 0, 4096 bytes)
[    0.756759] squashfs: version 4.0 (2009/01/31) Phillip Lougher
[    0.758085] fuse init (API version 7.23)
[    0.758956] Key type big_key registered
[    0.759638] Allocating IMA MOK and blacklist keyrings.
[    0.761181] Key type asymmetric registered
[    0.761886] Asymmetric key parser 'x509' registered
[    0.762697] Block layer SCSI generic (bsg) driver version 0.4 loaded (major 249)
[    0.764029] io scheduler noop registered
[    0.764704] io scheduler deadline registered (default)
[    0.765570] io scheduler cfq registered
[    0.766318] pci_hotplug: PCI Hot Plug PCI Core version: 0.5
[    0.767192] pciehp: PCI Express Hot Plug Controller Driver version: 0.4
[    0.768277] ACPI: AC Adapter [AC] (on-line)
[    0.769029] input: Power Button as /devices/LNXSYSTM:00/LNXPWRBN:00/input/input0
[    0.770306] ACPI: Power Button [PWRF]
[    0.771010] input: Sleep Button as /devices/LNXSYSTM:00/LNXSLPBN:00/input/input1
[    0.772253] ACPI: Sleep Button [SLPF]
[    0.773631] ACPI: Battery Slot [BAT0] (battery present)
[    0.774496] GHES: HEST is not enabled!
[    0.775266] Serial: 8250/16550 driver, 32 ports, IRQ sharing enabled
[    0.796644] 00:02: ttyS0 at I/O 0x3f8 (irq = 4, base_baud = 115200) is a 16550A
[    0.805862] Linux agpgart interface v0.103
[    0.808324] loop: module loaded
[    0.809493] scsi host0: ata_piix
[    0.810204] scsi host1: ata_piix
[    0.810834] ata1: PATA max UDMA/33 cmd 0x1f0 ctl 0x3f6 bmdma 0xd000 irq 14
[    0.811855] ata2: PATA max UDMA/33 cmd 0x170 ctl 0x376 bmdma 0xd008 irq 15
[    0.812938] libphy: Fixed MDIO Bus: probed
[    0.813697] tun: Universal TUN/TAP device driver, 1.6
[    0.814495] tun: (C) 1999-2004 Max Krasnyansky <maxk@qualcomm.com>
[    0.815500] PPP generic driver version 2.4.2
[    0.816267] ehci_hcd: USB 2.0 'Enhanced' Host Controller (EHCI) Driver
[    0.817244] ehci-pci: EHCI PCI platform driver
[    0.818026] ehci-platform: EHCI generic platform driver
[    0.818857] ohci_hcd: USB 1.1 'Open' Host Controller (OHCI) Driver
[    0.819793] ohci-pci: OHCI PCI platform driver
[    0.820536] ohci-platform: OHCI generic platform driver
[    0.821397] uhci_hcd: USB Universal Host Controller Interface driver
[    0.822411] i8042: PNP: PS/2 Controller [PNP0303:PS2K,PNP0f03:PS2M] at 0x60,0x64 irq 1,12
[    0.824217] serio: i8042 KBD port at 0x60,0x64 irq 1
[    0.825024] serio: i8042 AUX port at 0x60,0x64 irq 12
[    0.825956] mousedev: PS/2 mouse device common for all mice
[    0.827266] input: AT Translated Set 2 keyboard as /devices/platform/i8042/serio0/input/input2
[    0.828692] rtc_cmos rtc_cmos: rtc core: registered rtc_cmos as rtc0
[    0.829797] rtc_cmos rtc_cmos: alarms up to one day, 114 bytes nvram
[    0.830751] i2c /dev entries driver
[    0.831428] device-mapper: uevent: version 1.0.3
[    0.832242] device-mapper: ioctl: 4.34.0-ioctl (2015-10-28) initialised: dm-devel@redhat.com
[    0.833653] ledtrig-cpu: registered to indicate activity on CPUs
[    0.834915] NET: Registered protocol family 10
[    0.835818] NET: Registered protocol family 17
[    0.836561] Key type dns_resolver registered
[    0.837508] registered taskstats version 1
[    0.838216] Loading compiled-in X.509 certificates
[    0.839528] Loaded X.509 cert 'Build time autogenerated kernel key: cef5e81496c0efa51b848ab539e845ddf31c08be'
[    0.841069] zswap: loaded using pool lzo/zbud
[    0.843359] Key type trusted registered
[    0.846961] Key type encrypted registered
[    0.847683] AppArmor: AppArmor sha1 policy hashing enabled
[    0.848552] ima: No TPM chip found, activating TPM-bypass!
[    0.849460] ima: Allocated hash algorithm: sha1
[    0.850230] evm: HMAC attrs: 0x1
[    0.851133]   Magic number: 12:2:63
[    0.851842] rtc_cmos rtc_cmos: setting system clock to 2020-07-26 05:04:35 UTC (1595739875)
[    0.853299] BIOS EDD facility v0.16 2004-Jun-25, 0 devices found
[    0.854212] EDD information not available.
[    0.975035] Freeing unused kernel memory: 1492K
[    0.975867] Write protecting the kernel read-only data: 14336k
[    0.977180] Freeing unused kernel memory: 1592K
[    0.978078] Freeing unused kernel memory: 56K
Loading, please wait...
starting version 229
[    0.990431] random: systemd-udevd: uninitialized urandom read (16 bytes read, 3 bits of entropy available)
[    0.991217] random: udevadm: uninitialized urandom read (16 bytes read, 3 bits of entropy available)
[    0.991244] random: udevadm: uninitialized urandom read (16 bytes read, 3 bits of entropy available)
[    0.996547] random: systemd-udevd: uninitialized urandom read (16 bytes read, 3 bits of entropy available)
[    0.998630] random: systemd-udevd: uninitialized urandom read (16 bytes read, 3 bits of entropy available)
[    1.000637] random: systemd-udevd: uninitialized urandom read (16 bytes read, 3 bits of entropy available)
[    1.001318] random: udevadm: uninitialized urandom read (16 bytes read, 3 bits of entropy available)
[    1.001371] random: udevadm: uninitialized urandom read (16 bytes read, 3 bits of entropy available)
[    1.001544] random: udevadm: uninitialized urandom read (16 bytes read, 3 bits of entropy available)
[    1.001611] random: udevadm: uninitialized urandom read (16 bytes read, 3 bits of entropy available)
[    1.045577] e1000: Intel(R) PRO/1000 Network Driver - version 7.3.21-k8-NAPI
[    1.047038] e1000: Copyright (c) 1999-2006 Intel Corporation.
[    1.050989] Fusion MPT base driver 3.04.20
[    1.051971] Copyright (c) 1999-2008 LSI Corporation
[    1.058823] Fusion MPT SPI Host driver 3.04.20
[    1.070479] AVX2 version of gcm_enc/dec engaged.
[    1.071307] AES CTR mode by8 optimization enabled
[    1.254183] input: ImExPS/2 Generic Explorer Mouse as /devices/platform/i8042/serio1/input/input4
[    1.401116] e1000 0000:00:03.0 eth0: (PCI:33MHz:32-bit) 02:81:88:50:25:98
[    1.402300] e1000 0000:00:03.0 eth0: Intel(R) PRO/1000 Network Connection
[    1.404139] mptbase: ioc0: Initiating bringup
[    1.465172] ioc0: LSI53C1030 A0: Capabilities={Initiator}
[    1.627098] scsi host2: ioc0: LSI53C1030 A0, FwRev=00000000h, Ports=1, MaxQ=256, IRQ=20
[    1.738036] scsi 2:0:0:0: Direct-Access     VBOX     HARDDISK         1.0  PQ: 0 ANSI: 5
[    1.739601] scsi target2:0:0: Beginning Domain Validation
[    1.741121] scsi target2:0:0: Domain Validation skipping write tests
[    1.742082] scsi target2:0:0: Ending Domain Validation
[    1.742924] scsi target2:0:0: asynchronous
[    1.743935] scsi 2:0:1:0: Direct-Access     VBOX     HARDDISK         1.0  PQ: 0 ANSI: 5
[    1.745309] scsi target2:0:1: Beginning Domain Validation
[    1.746708] scsi target2:0:1: Domain Validation skipping write tests
[    1.747664] scsi target2:0:1: Ending Domain Validation
[    1.757327] scsi target2:0:1: asynchronous
[    1.761908] sd 2:0:0:0: Attached scsi generic sg0 type 0
[    1.762785] sd 2:0:0:0: [sda] 20971520 512-byte logical blocks: (10.7 GB/10.0 GiB)
[    1.764405] sd 2:0:1:0: [sdb] 20480 512-byte logical blocks: (10.5 MB/10.0 MiB)
[    1.764678] sd 2:0:1:0: Attached scsi generic sg1 type 0
[    1.764908] sd 2:0:0:0: [sda] Write Protect is off
[    1.764987] sd 2:0:0:0: [sda] Incomplete mode parameter data
[    1.764989] sd 2:0:0:0: [sda] Assuming drive cache: write through
[    1.766230]  sda: sda1
[    1.766860] sd 2:0:0:0: [sda] Attached SCSI disk
[    1.771368] sd 2:0:1:0: [sdb] Write Protect is off
[    1.772368] sd 2:0:1:0: [sdb] Incomplete mode parameter data
[    1.773419] sd 2:0:1:0: [sdb] Assuming drive cache: write through
[    1.778864] sd 2:0:1:0: [sdb] Attached SCSI disk
[    2.644378] e1000 0000:00:08.0 eth1: (PCI:33MHz:32-bit) 08:00:27:51:a4:93
[    2.645432] e1000 0000:00:08.0 eth1: Intel(R) PRO/1000 Network Connection
[    2.647238] e1000 0000:00:03.0 enp0s3: renamed from eth0
[    2.657378] e1000 0000:00:08.0 enp0s8: renamed from eth1
Begin: Loading essential drivers ... [    3.959596] md: linear personality registered for level -1
[    3.962748] md: multipath personality registered for level -4
[    3.965838] md: raid0 personality registered for level 0
[    3.969914] md: raid1 personality registered for level 1
[    4.041042] raid6: sse2x1   gen() 10793 MB/s
[    4.109046] raid6: sse2x1   xor()  8014 MB/s
[    4.177030] raid6: sse2x2   gen() 13266 MB/s
[    4.245049] raid6: sse2x2   xor()  9161 MB/s
[    4.313039] raid6: sse2x4   gen() 15085 MB/s
[    4.381027] raid6: sse2x4   xor()  9948 MB/s
[    4.449030] raid6: avx2x1   gen() 19820 MB/s
[    4.517024] raid6: avx2x2   gen() 23290 MB/s
[    4.585018] raid6: avx2x4   gen() 26837 MB/s
[    4.585792] raid6: using algorithm avx2x4 gen() 26837 MB/s
[    4.586633] raid6: using avx2x2 recovery algorithm
[    4.588639] xor: automatically using best checksumming function:
[    4.653566]    avx       : 58237.000 MB/sec
[    4.655478] async_tx: api initialized (async)
[    4.664997] md: raid6 personality registered for level 6
[    4.666060] md: raid5 personality registered for level 5
[    4.667095] md: raid4 personality registered for level 4
[    4.673736] md: raid10 personality registered for level 10
done.
Begin: Running /scripts/init-premount ... done.
Begin: Mounting root file system ... Begin: Running /scripts/local-top ... done.
Begin: Running /scripts/local-premount ... [    4.702839] Btrfs loaded
Scanning for Btrfs filesystems
done.
Warning: fsck not present, so skipping root file system
[    4.725975] EXT4-fs (sda1): mounted filesystem with ordered data mode. Opts: (null)
done.
Begin: Running /scripts/local-bottom ... done.
Begin: Running /scripts/init-bottom ... done.
[    4.809796] systemd[1]: systemd 229 running in system mode. (+PAM +AUDIT +SELINUX +IMA +APPARMOR +SMACK +SYSVINIT +UTMP +LIBCRYPTSETUP +GCRYPT +GNUTLS +ACL +XZ -LZ4 +SECCOMP +BLKID +ELFUTILS +KMOD -IDN)
[    4.812569] systemd[1]: Detected virtualization oracle.
[    4.813423] systemd[1]: Detected architecture x86-64.

Welcome to [1mUbuntu 16.04.6 LTS[0m!

[    4.816198] systemd[1]: Set hostname to <ubuntu-xenial>.
[    4.933063] systemd[1]: Reached target User and Group Name Lookups.
[[0;32m  OK  [0m] Reached target User and Group Name Lookups.
[    4.935038] systemd[1]: Started Forward Password Requests to Wall Directory Watch.
[[0;32m  OK  [0m] Started Forward Password Requests to Wall Directory Watch.
[    4.937247] systemd[1]: Listening on udev Kernel Socket.
[[0;32m  OK  [0m] Listening on udev Kernel Socket.
[    4.938857] systemd[1]: Listening on Device-mapper event daemon FIFOs.
[[0;32m  OK  [0m] Listening on Device-mapper event daemon FIFOs.
[    4.940728] systemd[1]: Listening on LVM2 metadata daemon socket.
[[0;32m  OK  [0m] Listening on LVM2 metadata daemon socket.
[    4.942649] systemd[1]: Set up automount Arbitrary Executable File Formats File System Automount Point.
[[0;32m  OK  [0m] Set up automount Arbitrary Executab...ats File System Automount Point.
[    4.945393] systemd[1]: Reached target Encrypted Volumes.
[[0;32m  OK  [0m] Reached target Encrypted Volumes.
[    4.947019] systemd[1]: Listening on Journal Socket (/dev/log).
[[0;32m  OK  [0m] Listening on Journal Socket (/dev/log).
[    4.948739] systemd[1]: Listening on /dev/initctl Compatibility Named Pipe.
[[0;32m  OK  [0m] Listening on /dev/initctl Compatibility Named Pipe.
[    4.950721] systemd[1]: Listening on Syslog Socket.
[[0;32m  OK  [0m] Listening on Syslog Socket.
[    4.952197] systemd[1]: Reached target Swap.
[[0;32m  OK  [0m] Reached target Swap.
[    4.953818] systemd[1]: Created slice User and Session Slice.
[[0;32m  OK  [0m] Created slice User and Session Slice.
[    4.955520] systemd[1]: Listening on Journal Socket.
[[0;32m  OK  [0m] Listening on Journal Socket.
[    4.957210] systemd[1]: Created slice System Slice.
[[0;32m  OK  [0m] Created slice System Slice.
[    4.973508] systemd[1]: Starting Monitoring of LVM2 mirrors, snapshots etc. using dmeventd or progress polling...
         Starting Monitoring of LVM2 mirrors... dmeventd or progress polling...
[    4.977119] systemd[1]: Starting Uncomplicated firewall...
         Starting Uncomplicated firewall...
[    4.980608] systemd[1]: Created slice system-serial\x2dgetty.slice.
[[0;32m  OK  [0m] Created slice system-serial\x2dgetty.slice.
[    4.983712] systemd[1]: Mounting POSIX Message Queue File System...
         Mounting POSIX Message Queue File System...
[    4.987707] systemd[1]: Starting Create list of required static device nodes for the current kernel...
         Starting Create list of required st... nodes for the current kernel...
[    4.990746] systemd[1]: Reached target Slices.
[[0;32m  OK  [0m] Reached target Slices.
[    4.993861] systemd[1]: Starting Load Kernel Modules...
         Starting Load Kernel Modules...
[    4.996640] systemd[1]: Mounting Debug File System...
         Mounting Debug File System...
[    4.999927] systemd[1]: Starting Nameserver information manager...
         Starting Nameserver information manager...
[    5.002144] systemd[1]: Started Trigger resolvconf update for networkd DNS.
[[0;32m  OK  [0m] Started Trigger resolvconf update for networkd DNS.
[    5.004130] systemd[1]: Reached target System Time Synchronized.
[[0;32m  OK  [0m] Reached target System Time Synchronized.
[    5.008354] Loading iSCSI transport class v2.0-870.
[    5.013964] systemd[1]: Starting Set console keymap...
         Starting Set console keymap...
[    5.015871] iscsi: registered transport (tcp)
[    5.017419] systemd[1]: Starting Remount Root and Kernel File Systems...
         Starting Remount Root and Kernel File Systems...
[    5.021794] systemd[1]: Mounting Huge Pages File System...
         Mounting Huge Pages File System...
[    5.025206] systemd[1]: Listening on LVM2 poll daemon socket.
[    5.026090] EXT4-fs (sda1): re-mounted. Opts: (null)
[[0;32m  OK  [0m] Listening on LVM2 poll daemon socket.
[    5.028279] systemd[1]: Listening on Journal Audit Socket.
[[0;32m  OK  [0m] Listening on Journal Audit Socket.
[    5.030959] systemd[1]: Starting Journal Service...
         Starting Journal Service...
[    5.033249] systemd[1]: Listening on udev Control Socket.
[[0;32m  OK  [0m] Listening on udev Control Socket.
[    5.037286] systemd[1]: Mounted Huge Pages File System.
[[0;32m  OK  [0m] Mounted Huge Pages File System.
[    5.039256] systemd[1]: Mounted POSIX Message Queue File System.
[[0;32m  OK  [0m] Mounted POSIX Message Queue File System.
[    5.041238] systemd[1]: Mounted Debug File System.
[[0;32m  OK  [0m] Mounted Debug File System.
[    5.043709] systemd[1]: Started Uncomplicated firewall.
[[0;32m  OK  [0m] Started Uncomplicated firewall.
[    5.048673] systemd[1]: Started Create list of required static device nodes for the current kernel.
[[0;32m  OK  [0m] Started Create list of required sta...ce nodes for the current kernel.
[    5.063678] systemd[1]: Started Remount Root and Kernel File Systems.
[[0;32m  OK  [0m] Started Remount Root and Kernel File Systems.
[    5.067770] systemd[1]: Started Journal Service.
[[0;32m  OK  [0m] Started Journal Service.
[[0;32m  OK  [0m] Started LVM2 metadata daemon.
         Starting Load/Save Random Seed...
         Starting udev Coldplug all Devices...
         Starting Flush Journal to Persistent Storage...
         Starting Create Static Device Nodes in /dev...
[[0;32m  OK  [0m] Started Nameserver information manager.
[[0;32m  OK  [0m] Started Load/Save Random Seed.
[    5.094352] systemd-journald[402]: Received request to flush runtime journal from PID 1
[    5.102153] iscsi: registered transport (iser)
[[0;32m  OK  [0m] Started Create Static Device Nodes in /dev.
[[0;32m  OK  [0m] Started Load Kernel Modules.
         Mounting FUSE Control File System...
         Starting Apply Kernel Variables...
         Starting udev Kernel Device Manager...
[[0;32m  OK  [0m] Mounted FUSE Control File System.
[[0;32m  OK  [0m] Started Flush Journal to Persistent Storage.
[[0;32m  OK  [0m] Started Apply Kernel Variables.
[[0;32m  OK  [0m] Started Set console keymap.
[[0;32m  OK  [0m] Started udev Kernel Device Manager.
[[0;32m  OK  [0m] Started Monitoring of LVM2 mirrors,...ng dmeventd or progress polling.
[[0;32m  OK  [0m] Reached target Local File Systems (Pre).
[[0;32m  OK  [0m] Reached target Local File Systems.
         Starting Initial cloud-init job (pre-networking)...
         Starting LSB: AppArmor initialization...
         Starting Tell Plymouth To Write Out Runtime Data...
         Starting Set console font and keymap...
         Starting Create Volatile Files and Directories...
[[0;32m  OK  [0m] Started udev Coldplug all Devices.
[[0;32m  OK  [0m] Started Tell Plymouth To Write Out Runtime Data.
[[0;32m  OK  [0m] Started Dispatch Password Requests to Console Directory Watch.
[[0;32m  OK  [0m] Started Create Volatile Files and Directories.
         Starting Update UTMP about System Boot/Shutdown...
[[0;32m  OK  [0m] Started Update UTMP about System Boot/Shutdown.
[[0;32m  OK  [0m] Started LSB: AppArmor initialization.
         Starting Load AppArmor profiles managed internally by snapd...
[[0;32m  OK  [0m] Started Load AppArmor profiles managed internally by snapd.
[[0;32m  OK  [0m] Found device /dev/ttyS0.
[[0;32m  OK  [0m] Listening on Load/Save RF Kill Switch Status /dev/rfkill Watch.
[[0;32m  OK  [0m] Started Set console font and keymap.
[[0;32m  OK  [0m] Created slice system-getty.slice.
[[0;32m  OK  [0m] Found device 82540EM Gigabit Ethern...r (PRO/1000 MT Desktop Adapter).
[[0;32m  OK  [0m] Found device 82540EM Gigabit Ethern...r (PRO/1000 MT Desktop Adapter).
[    5.980649] cloud-init[484]: Cloud-init v. 20.2-45-g5f7825e2-0ubuntu1~16.04.1 running 'init-local' at Sun, 26 Jul 2020 05:04:40 +0000. Up 5.71 seconds.
[[0;32m  OK  [0m] Started Initial cloud-init job (pre-networking).
[[0;32m  OK  [0m] Reached target Network (Pre).
[[0;32m  OK  [0m] Started ifup for enp0s8.
         Starting Raise network interfaces...
[[0;32m  OK  [0m] Started ifup for enp0s3.
[[0;32m  OK  [0m] Started Raise network interfaces.
         Starting Initial cloud-init job (metadata service crawler)...
[[0;32m  OK  [0m] Reached target Network.
[    6.675152] cloud-init[1073]: Cloud-init v. 20.2-45-g5f7825e2-0ubuntu1~16.04.1 running 'init' at Sun, 26 Jul 2020 05:04:41 +0000. Up 6.43 seconds.
[    6.676699] cloud-init[1073]: ci-info: ++++++++++++++++++++++++++++++++++++++Net device info+++++++++++++++++++++++++++++++++++++++
[    6.678183] cloud-init[1073]: ci-info: +--------+------+-----------------------------+---------------+--------+-------------------+
[    6.679628] cloud-init[1073]: ci-info: | Device |  Up  |           Address           |      Mask     | Scope  |     Hw-Address    |
[    6.681079] cloud-init[1073]: ci-info: +--------+------+-----------------------------+---------------+--------+-------------------+
[    6.682517] cloud-init[1073]: ci-info: | enp0s3 | True |          10.0.2.15          | 255.255.255.0 | global | 02:81:88:50:25:98 |
[    6.683945] cloud-init[1073]: ci-info: | enp0s3 | True |  fe80::81:88ff:fe50:2598/64 |       .       |  link  | 02:81:88:50:25:98 |
[    6.685415] cloud-init[1073]: ci-info: | enp0s8 | True |          10.10.10.1         | 255.255.255.0 | global | 08:00:27:51:a4:93 |
[    6.687039] cloud-init[1073]: ci-info: | enp0s8 | True | fe80::a00:27ff:fe51:a493/64 |       .       |  link  | 08:00:27:51:a4:93 |
[    6.688938] cloud-init[1073]: ci-info: |   lo   | True |          127.0.0.1          |   255.0.0.0   |  host  |         .         |
[    6.690685] cloud-init[1073]: ci-info: |   lo   | True |           ::1/128           |       .       |  host  |         .         |
[    6.692191] cloud-init[1073]: ci-info: +--------+------+-----------------------------+---------------+--------+-------------------+
[    6.693716] cloud-init[1073]: ci-info: +++++++++++++++++++++++++++Route IPv4 info++++++++++++++++++++++++++++
[    6.695061] cloud-init[1073]: ci-info: +-------+-------------+----------+---------------+-----------+-------+
[    6.696393] cloud-init[1073]: ci-info: | Route | Destination | Gateway  |    Genmask    | Interface | Flags |
[    6.697707] cloud-init[1073]: ci-info: +-------+-------------+----------+---------------+-----------+-------+
[    6.699036] cloud-init[1073]: ci-info: |   0   |   0.0.0.0   | 10.0.2.2 |    0.0.0.0    |   enp0s3  |   UG  |
[    6.700390] cloud-init[1073]: ci-info: |   1   |   10.0.2.0  | 0.0.0.0  | 255.255.255.0 |   enp0s3  |   U   |
[    6.701712] cloud-init[1073]: ci-info: |   2   |  10.10.10.0 | 0.0.0.0  | 255.255.255.0 |   enp0s8  |   U   |
[    6.703017] cloud-init[1073]: ci-info: +-------+-------------+----------+---------------+-----------+-------+
[    6.704343] cloud-init[1073]: ci-info: +++++++++++++++++++Route IPv6 info+++++++++++++++++++
[    6.705551] cloud-init[1073]: ci-info: +-------+-------------+---------+-----------+-------+
[    6.706777] cloud-init[1073]: ci-info: | Route | Destination | Gateway | Interface | Flags |
[    6.707982] cloud-init[1073]: ci-info: +-------+-------------+---------+-----------+-------+
[    6.709200] cloud-init[1073]: ci-info: |   0   |  fe80::/64  |    ::   |   enp0s8  |   U   |
[    6.710409] cloud-init[1073]: ci-info: |   1   |  fe80::/64  |    ::   |   enp0s3  |   U   |
[    6.711598] cloud-init[1073]: ci-info: |   4   |   ff00::/8  |    ::   |   enp0s8  |   U   |
[    6.712768] cloud-init[1073]: ci-info: |   5   |   ff00::/8  |    ::   |   enp0s3  |   U   |
[    6.713989] cloud-init[1073]: ci-info: +-------+-------------+---------+-----------+-------+
[[0;32m  OK  [0m] Started Initial cloud-init job (metadata service crawler).
[[0;32m  OK  [0m] Reached target Cloud-config availability.
[[0;32m  OK  [0m] Reached target System Initialization.
[[0;32m  OK  [0m] Listening on D-Bus System Message Bus Socket.
         Starting Socket activation for snappy daemon.
[[0;32m  OK  [0m] Started Message of the Day.
[[0;32m  OK  [0m] Started Daily Cleanup of Temporary Directories.
[[0;32m  OK  [0m] Started ACPI Events Check.
[[0;32m  OK  [0m] Reached target Paths.
         Starting LXD - unix socket.
[[0;32m  OK  [0m] Listening on ACPID Listen Socket.
[[0;32m  OK  [0m] Started Daily apt download activities.
[[0;32m  OK  [0m] Started Daily apt upgrade and clean activities.
[[0;32m  OK  [0m] Reached target Timers.
[[0;32m  OK  [0m] Listening on UUID daemon activation socket.
[[0;32m  OK  [0m] Reached target Network is Online.
         Starting iSCSI initiator daemon (iscsid)...
[[0;32m  OK  [0m] Listening on Socket activation for snappy daemon.
[[0;32m  OK  [0m] Listening on LXD - unix socket.
[[0;32m  OK  [0m] Reached target Sockets.
[[0;32m  OK  [0m] Reached target Basic System.
         Starting System Logging Service...
         Starting Virtualbox guest utils...
[[0;32m  OK  [0m] Started Deferred execution scheduler.
[[0;32m  OK  [0m] Started Regular background program processing daemon.
[[0;32m  OK  [0m] Started ACPI event daemon.
         Starting Login Service...
         Starting LSB: MD monitoring daemon...
         Starting LXD - container startup/shutdown...
         Starting Snap Daemon...
[[0;32m  OK  [0m] Started FUSE filesystem for LXC.
         Starting Accounts Service...
         Starting OpenBSD Secure Shell server...
         Starting LSB: Record successful boot for GRUB...
[[0;32m  OK  [0m] Started D-Bus System Message Bus.
         Starting /etc/rc.local Compatibility...
[[0;32m  OK  [0m] Started System Logging Service.
[[0;32m  OK  [0m] Started /etc/rc.local Compatibility.
[[0;32m  OK  [0m] Started Login Service.
[[0;32m  OK  [0m] Started Unattended Upgrades Shutdown.
         Starting Authenticate and Authorize Users to Run Privileged Tasks...
[[0;32m  OK  [0m] Started iSCSI initiator daemon (iscsid).
         Starting Login to default iSCSI targets...
[[0;32m  OK  [0m] Started LSB: MD monitoring daemon.
[[0;32m  OK  [0m] Started OpenBSD Secure Shell server.
[[0;32m  OK  [0m] Started LSB: Record successful boot for GRUB.
[[0;32m  OK  [0m] Started Authenticate and Authorize Users to Run Privileged Tasks.
[[0;32m  OK  [0m] Started Login to default iSCSI targets.
[[0;32m  OK  [0m] Reached target Remote File Systems (Pre).
[[0;32m  OK  [0m] Reached target Remote File Systems.
         Starting LSB: automatic crash report generation...
         Starting LSB: daemon to balance interrupts for SMP systems...
         Starting LSB: Set the CPU Frequency Scaling governor to "ondemand"...
         Starting Permit User Sessions...
[[0;32m  OK  [0m] Started LXD - container startup/shutdown.
[[0;32m  OK  [0m] Started Accounts Service.
[[0;32m  OK  [0m] Started Permit User Sessions.
         Starting Hold until boot process finishes up...
         Starting Terminate Plymouth Boot Screen...
[[0;32m  OK  [0m] Started Hold until boot process finishes up.
[[0;32m  OK  [0m] Started Getty on tty1.
         Starting Set console scheme...
[[0;32m  OK  [0m] Started Serial Getty on ttyS0.
[[0;32m  OK  [0m] Reached target Login Prompts.
[[0;32m  OK  [0m] Started LSB: Set the CPU Frequency Scaling governor to "ondemand".
[[0;32m  OK  [0m] Started Terminate Plymouth Boot Screen.
[[0;32m  OK  [0m] Started Set console scheme.
[[0;32m  OK  [0m] Started LSB: automatic crash report generation.
[[0;32m  OK  [0m] Started LSB: daemon to balance interrupts for SMP systems.
[[0;32m  OK  [0m] Started Virtualbox guest utils.
[[0;32m  OK  [0m] Started Snap Daemon.
         Starting Wait until snapd is fully seeded...
[[0;32m  OK  [0m] Started Wait until snapd is fully seeded.
         Starting Apply the settings specified in cloud-config...
[[0;32m  OK  [0m] Reached target Multi-User System.
[[0;32m  OK  [0m] Reached target Graphical Interface.
         Starting Update UTMP about System Runlevel Changes...
[[0;32m  OK  [0m] Started Update UTMP about System Runlevel Changes.
[    7.455185] cloud-init[1342]: Cloud-init v. 20.2-45-g5f7825e2-0ubuntu1~16.04.1 running 'modules:config' at Sun, 26 Jul 2020 05:04:42 +0000. Up 7.37 seconds.
[[0;32m  OK  [0m] Started Apply the settings specified in cloud-config.
         Starting Execute cloud user/final scripts...
[    7.834817] cloud-init[1355]: Cloud-init v. 20.2-45-g5f7825e2-0ubuntu1~16.04.1 running 'modules:final' at Sun, 26 Jul 2020 05:04:42 +0000. Up 7.75 seconds.
[    7.836536] cloud-init[1355]: Cloud-init v. 20.2-45-g5f7825e2-0ubuntu1~16.04.1 finished at Sun, 26 Jul 2020 05:04:42 +0000. Datasource DataSourceNoCloud [seed=/dev/sdb][dsmode=net].  Up 7.82 seconds
[[0;32m  OK  [0m] Started Execute cloud user/final scripts.
[[0;32m  OK  [0m] Reached target Cloud-init target.

Ubuntu 16.04.6 LTS ubuntu-xenial ttyS0

ubuntu-xenial login: 